Started by user admin

Obtained Jenkinsfile.master from git https://github.com/Joyzyy/SQMA_Zavoianu_Gabriel.git
[Pipeline] Start of Pipeline
[Pipeline] node
Running on Jenkins
 in /var/jenkins_home/workspace/sqma_parallel_builds
[Pipeline] {
[Pipeline] stage
[Pipeline] { (Declarative: Checkout SCM)
[Pipeline] checkout
Selected Git installation does not exist. Using Default
The recommended git tool is: NONE
No credentials specified
Cloning the remote Git repository
Cloning repository https://github.com/Joyzyy/SQMA_Zavoianu_Gabriel.git
 > git init /var/jenkins_home/workspace/sqma_parallel_builds # timeout=10
Fetching upstream changes from https://github.com/Joyzyy/SQMA_Zavoianu_Gabriel.git
 > git --version # timeout=10
 > git --version # 'git version 2.47.3'
 > git fetch --tags --force --progress -- https://github.com/Joyzyy/SQMA_Zavoianu_Gabriel.git +refs/heads/*:refs/remotes/origin/* # timeout=10
 > git config remote.origin.url https://github.com/Joyzyy/SQMA_Zavoianu_Gabriel.git # timeout=10
 > git config --add remote.origin.fetch +refs/heads/*:refs/remotes/origin/* # timeout=10
Avoid second fetch
 > git rev-parse refs/remotes/origin/main^{commit} # timeout=10
Checking out Revision d8acb6a285ee071b81ae3e5caa2a83b19e822653 (refs/remotes/origin/main)
 > git config core.sparsecheckout # timeout=10
 > git checkout -f d8acb6a285ee071b81ae3e5caa2a83b19e822653 # timeout=10
Commit message: "arrays tests and parallel pipeline"
First time build. Skipping changelog.
[Pipeline] }
[Pipeline] // stage
[Pipeline] withEnv
[Pipeline] {
[Pipeline] stage
[Pipeline] { (Run all tests jobs)
[Pipeline] parallel
[Pipeline] { (Branch: Math Operations Tests)
[Pipeline] { (Branch: Arrays Tests)
[Pipeline] stage
[Pipeline] { (Math Operations Tests)
[Pipeline] stage
[Pipeline] { (Arrays Tests)
[Pipeline] build (Building sqma_test_go)
Scheduling project: sqma_test_go

[Pipeline] build (Building sqma_test_go_arrays)
Scheduling project: sqma_test_go_arrays

Starting building: sqma_test_go #4

Starting building: sqma_test_go_arrays #2

Build sqma_test_go_arrays #2
 completed: SUCCESS
[Pipeline] }
[Pipeline] // stage
[Pipeline] }
Build sqma_test_go #4
 completed: SUCCESS
[Pipeline] }
[Pipeline] // stage
[Pipeline] }
[Pipeline] // parallel
[Pipeline] }
[Pipeline] // stage
[Pipeline] }
[Pipeline] // withEnv
[Pipeline] }
[Pipeline] // node
[Pipeline] End of Pipeline
Finished: SUCCESS
